# JRE version: OpenJDK Runtime Environment (8.0_202-b03) (build 1.8.0_202-release-1483-b03)
# Java VM: OpenJDK 64-Bit Server VM (25.202-b03 mixed mode windows-amd64 compressed oops)
Heap:
 PSYoungGen      total 432128K, used 332070K [0x00000000e0000000, 0x00000000fdc80000, 0x0000000100000000)
  eden space 381440K, 78% used [0x00000000e0000000,0x00000000f2301ca8,0x00000000f7480000)
  from space 50688K, 67% used [0x00000000fa700000,0x00000000fc847e18,0x00000000fd880000)
  to   space 51712K, 0% used [0x00000000f7480000,0x00000000f7480000,0x00000000fa700000)
 ParOldGen       total 222208K, used 74534K [0x00000000a0000000, 0x00000000ad900000, 0x00000000e0000000)
  object space 222208K, 33% used [0x00000000a0000000,0x00000000a48c9930,0x00000000ad900000)
 Metaspace       used 88396K, capacity 92272K, committed 92584K, reserved 1130496K
  class space    used 11613K, capacity 12398K, committed 12456K, reserved 1048576K
GC Heap History (10 events):
Event: 77.290 GC heap before
{Heap before GC invocations=19 (full 3):
 PSYoungGen      total 305152K, used 289168K [0x00000000e0000000, 0x00000000f8c80000, 0x0000000100000000)
  eden space 264192K, 100% used [0x00000000e0000000,0x00000000f0200000,0x00000000f0200000)
  from space 40960K, 60% used [0x00000000f0200000,0x00000000f1a643a8,0x00000000f2a00000)
  to   space 40960K, 0% used [0x00000000f6480000,0x00000000f6480000,0x00000000f8c80000)
 ParOldGen       total 222208K, used 74526K [0x00000000a0000000, 0x00000000ad900000, 0x00000000e0000000)
  object space 222208K, 33% used [0x00000000a0000000,0x00000000a48c7930,0x00000000ad900000)
 Metaspace       used 87929K, capacity 91720K, committed 91816K, reserved 1128448K
  class space    used 11593K, capacity 12396K, committed 12456K, reserved 1048576K
Event: 77.346 GC heap after
Heap after GC invocations=19 (full 3):
 PSYoungGen      total 364032K, used 28571K [0x00000000e0000000, 0x00000000f9400000, 0x0000000100000000)
  eden space 323072K, 0% used [0x00000000e0000000,0x00000000e0000000,0x00000000f3b80000)
  from space 40960K, 69% used [0x00000000f6480000,0x00000000f8066e98,0x00000000f8c80000)
  to   space 41984K, 0% used [0x00000000f3b80000,0x00000000f3b80000,0x00000000f6480000)
 ParOldGen       total 222208K, used 74526K [0x00000000a0000000, 0x00000000ad900000, 0x00000000e0000000)
  object space 222208K, 33% used [0x00000000a0000000,0x00000000a48c7930,0x00000000ad900000)
 Metaspace       used 87929K, capacity 91720K, committed 91816K, reserved 1128448K
  class space    used 11593K, capacity 12396K, committed 12456K, reserved 1048576K
}
Event: 78.865 GC heap before
{Heap before GC invocations=20 (full 3):
 PSYoungGen      total 364032K, used 351643K [0x00000000e0000000, 0x00000000f9400000, 0x0000000100000000)
  eden space 323072K, 100% used [0x00000000e0000000,0x00000000f3b80000,0x00000000f3b80000)
  from space 40960K, 69% used [0x00000000f6480000,0x00000000f8066e98,0x00000000f8c80000)
  to   space 41984K, 0% used [0x00000000f3b80000,0x00000000f3b80000,0x00000000f6480000)
 ParOldGen       total 222208K, used 74526K [0x00000000a0000000, 0x00000000ad900000, 0x00000000e0000000)
  object space 222208K, 33% used [0x00000000a0000000,0x00000000a48c7930,0x00000000ad900000)
 Metaspace       used 88296K, capacity 92116K, committed 92328K, reserved 1128448K
  class space    used 11612K, capacity 12396K, committed 12456K, reserved 1048576K
Event: 78.950 GC heap after
Heap after GC invocations=20 (full 3):
 PSYoungGen      total 365056K, used 38188K [0x00000000e0000000, 0x00000000f9400000, 0x0000000100000000)
  eden space 323072K, 0% used [0x00000000e0000000,0x00000000e0000000,0x00000000f3b80000)
  from space 41984K, 90% used [0x00000000f3b80000,0x00000000f60cb338,0x00000000f6480000)
  to   space 40960K, 0% used [0x00000000f6480000,0x00000000f6480000,0x00000000f8c80000)
 ParOldGen       total 222208K, used 74526K [0x00000000a0000000, 0x00000000ad900000, 0x00000000e0000000)
  object space 222208K, 33% used [0x00000000a0000000,0x00000000a48c7930,0x00000000ad900000)
 Metaspace       used 88296K, capacity 92116K, committed 92328K, reserved 1128448K
  class space    used 11612K, capacity 12396K, committed 12456K, reserved 1048576K
}
Event: 80.215 GC heap before
{Heap before GC invocations=21 (full 3):
 PSYoungGen      total 365056K, used 361260K [0x00000000e0000000, 0x00000000f9400000, 0x0000000100000000)
  eden space 323072K, 100% used [0x00000000e0000000,0x00000000f3b80000,0x00000000f3b80000)
  from space 41984K, 90% used [0x00000000f3b80000,0x00000000f60cb338,0x00000000f6480000)
  to   space 40960K, 0% used [0x00000000f6480000,0x00000000f6480000,0x00000000f8c80000)
 ParOldGen       total 222208K, used 74526K [0x00000000a0000000, 0x00000000ad900000, 0x00000000e0000000)
  object space 222208K, 33% used [0x00000000a0000000,0x00000000a48c7930,0x00000000ad900000)
 Metaspace       used 88326K, capacity 92192K, committed 92328K, reserved 1128448K
  class space    used 11613K, capacity 12398K, committed 12456K, reserved 1048576K
Event: 80.272 GC heap after
Heap after GC invocations=21 (full 3):
 PSYoungGen      total 364032K, used 35496K [0x00000000e0000000, 0x00000000f9400000, 0x0000000100000000)
  eden space 323072K, 0% used [0x00000000e0000000,0x00000000e0000000,0x00000000f3b80000)
  from space 40960K, 86% used [0x00000000f6480000,0x00000000f872a0d0,0x00000000f8c80000)
  to   space 41984K, 0% used [0x00000000f3b80000,0x00000000f3b80000,0x00000000f6480000)
 ParOldGen       total 222208K, used 74526K [0x00000000a0000000, 0x00000000ad900000, 0x00000000e0000000)
  object space 222208K, 33% used [0x00000000a0000000,0x00000000a48c7930,0x00000000ad900000)
 Metaspace       used 88326K, capacity 92192K, committed 92328K, reserved 1128448K
  class space    used 11613K, capacity 12398K, committed 12456K, reserved 1048576K
}
Event: 81.463 GC heap before
{Heap before GC invocations=22 (full 3):
 PSYoungGen      total 364032K, used 358568K [0x00000000e0000000, 0x00000000f9400000, 0x0000000100000000)
  eden space 323072K, 100% used [0x00000000e0000000,0x00000000f3b80000,0x00000000f3b80000)
  from space 40960K, 86% used [0x00000000f6480000,0x00000000f872a0d0,0x00000000f8c80000)
  to   space 41984K, 0% used [0x00000000f3b80000,0x00000000f3b80000,0x00000000f6480000)
 ParOldGen       total 222208K, used 74526K [0x00000000a0000000, 0x00000000ad900000, 0x00000000e0000000)
  object space 222208K, 33% used [0x00000000a0000000,0x00000000a48c7930,0x00000000ad900000)
 Metaspace       used 88341K, capacity 92196K, committed 92328K, reserved 1128448K
  class space    used 11613K, capacity 12398K, committed 12456K, reserved 1048576K
Event: 81.517 GC heap after
Heap after GC invocations=22 (full 3):
 PSYoungGen      total 365056K, used 36338K [0x00000000e0000000, 0x00000000fd880000, 0x0000000100000000)
  eden space 323072K, 0% used [0x00000000e0000000,0x00000000e0000000,0x00000000f3b80000)
  from space 41984K, 86% used [0x00000000f3b80000,0x00000000f5efcb10,0x00000000f6480000)
  to   space 50688K, 0% used [0x00000000fa700000,0x00000000fa700000,0x00000000fd880000)
 ParOldGen       total 222208K, used 74526K [0x00000000a0000000, 0x00000000ad900000, 0x00000000e0000000)
  object space 222208K, 33% used [0x00000000a0000000,0x00000000a48c7930,0x00000000ad900000)
 Metaspace       used 88341K, capacity 92196K, committed 92328K, reserved 1128448K
  class space    used 11613K, capacity 12398K, committed 12456K, reserved 1048576K
}
Event: 82.689 GC heap before
{Heap before GC invocations=23 (full 3):
 PSYoungGen      total 365056K, used 359410K [0x00000000e0000000, 0x00000000fd880000, 0x0000000100000000)
  eden space 323072K, 100% used [0x00000000e0000000,0x00000000f3b80000,0x00000000f3b80000)
  from space 41984K, 86% used [0x00000000f3b80000,0x00000000f5efcb10,0x00000000f6480000)
  to   space 50688K, 0% used [0x00000000fa700000,0x00000000fa700000,0x00000000fd880000)
 ParOldGen       total 222208K, used 74526K [0x00000000a0000000, 0x00000000ad900000, 0x00000000e0000000)
  object space 222208K, 33% used [0x00000000a0000000,0x00000000a48c7930,0x00000000ad900000)
 Metaspace       used 88380K, capacity 92200K, committed 92328K, reserved 1128448K
  class space    used 11613K, capacity 12398K, committed 12456K, reserved 1048576K
Event: 82.750 GC heap after
Heap after GC invocations=23 (full 3):
 PSYoungGen      total 432128K, used 34079K [0x00000000e0000000, 0x00000000fdc80000, 0x0000000100000000)
  eden space 381440K, 0% used [0x00000000e0000000,0x00000000e0000000,0x00000000f7480000)
  from space 50688K, 67% used [0x00000000fa700000,0x00000000fc847e18,0x00000000fd880000)
  to   space 51712K, 0% used [0x00000000f7480000,0x00000000f7480000,0x00000000fa700000)
 ParOldGen       total 222208K, used 74534K [0x00000000a0000000, 0x00000000ad900000, 0x00000000e0000000)
  object space 222208K, 33% used [0x00000000a0000000,0x00000000a48c9930,0x00000000ad900000)
 Metaspace       used 88380K, capacity 92200K, committed 92328K, reserved 1128448K
  class space    used 11613K, capacity 12398K, committed 12456K, reserved 1048576K
}

